rest-client-demo/build/outputs/apk/manifest-merger-debug-report.txt
-- Merging decision tree log ---
manifest
ADDED from AndroidManifest.xml:1:1
	xmlns:android
		ADDED from AndroidManifest.xml:1:11
	package
		ADDED from AndroidManifest.xml:2:3
		INJECTED from AndroidManifest.xml:0:0
		INJECTED from AndroidManifest.xml:0:0
	android:versionName
		ADDED from AndroidManifest.xml:4:3
	android:versionCode
		ADDED from AndroidManifest.xml:3:3
		INJECTED from AndroidManifest.xml:0:0
		INJECTED from AndroidManifest.xml:0:0
uses-permission#android.permission.INTERNET
ADDED from AndroidManifest.xml:6:3
	android:name
		ADDED from AndroidManifest.xml:6:20
uses-sdk
ADDED from AndroidManifest.xml:8:3
MERGED from com.aranea-apps.android.libs:android-rest-lib:2.0.0.0:5:5
MERGED from com.aranea-apps.android.libs:android-rest-lib-additions:2.0.0.0:5:5
MERGED from com.aranea-apps.android.libs:android-rest-lib:2.0.0.0:5:5
	android:targetSdkVersion
		ADDED from AndroidManifest.xml:10:5
		INJECTED from AndroidManifest.xml:0:0
		INJECTED from AndroidManifest.xml:0:0
	android:minSdkVersion
		ADDED from AndroidManifest.xml:9:5
		INJECTED from AndroidManifest.xml:0:0
		INJECTED from AndroidManifest.xml:0:0
application
ADDED from AndroidManifest.xml:12:3
MERGED from com.aranea-apps.android.libs:android-rest-lib:2.0.0.0:9:5
MERGED from com.aranea-apps.android.libs:android-rest-lib-additions:2.0.0.0:9:5
MERGED from com.aranea-apps.android.libs:android-rest-lib:2.0.0.0:9:5
	android:label
		ADDED from AndroidManifest.xml:14:5
	android:icon
		ADDED from AndroidManifest.xml:13:5
	android:theme
		ADDED from AndroidManifest.xml:15:5
	android:name
		ADDED from AndroidManifest.xml:15:37
activity#com.dg.examples.restclientdemo.MainActivity
ADDED from AndroidManifest.xml:16:5
	android:label
		ADDED from AndroidManifest.xml:18:7
	android:name
		ADDED from AndroidManifest.xml:17:7
intent-filter#android.intent.action.MAIN+android.intent.category.LAUNCHER
ADDED from AndroidManifest.xml:19:7
action#android.intent.action.MAIN
ADDED from AndroidManifest.xml:20:9
	android:name
		ADDED from AndroidManifest.xml:20:17
category#android.intent.category.LAUNCHER
ADDED from AndroidManifest.xml:22:9
	android:name
		ADDED from AndroidManifest.xml:22:19
service#com.araneaapps.android.libs.asyncrunners.services.ExecutorService
ADDED from AndroidManifest.xml:26:5
MERGED from com.aranea-apps.android.libs:android-rest-lib:2.0.0.0:10:9
MERGED from com.aranea-apps.android.libs:android-rest-lib-additions:2.0.0.0:10:9
MERGED from com.aranea-apps.android.libs:android-rest-lib:2.0.0.0:10:9
	android:name
		ADDED from AndroidManifest.xml:26:14